Norme: ./ft_atoi.c
Norme: ./ft_isascii.c
Norme: ./ft_isalpha.c
Norme: ./ft_bzero.c
Norme: ./ft_isdigit.c
Norme: ./ft_isalnum.c
Norme: ./ft_isprint.c
Norme: ./ft_calloc.c
Error (line 22, col 1): missing space after if
Norme: ./ft_lstadd_front.c
Norme: ./ft_lstadd_back.c
Norme: ./ft_lstiter.c
Norme: ./ft_lstdelone.c
Norme: ./ft_lstclear.c
Norme: ./ft_lstlast.c
Norme: ./ft_lstsize.c
Norme: ./ft_memccpy.c
Norme: ./ft_itoa.c
Norme: ./ft_memchr.c
Norme: ./ft_lstnew.c
Norme: ./ft_memcmp.c
Norme: ./ft_memcpy.c
Norme: ./ft_putchar_fd.c
Norme: ./ft_putendl_fd.c
Norme: ./ft_memmove.c
Norme: ./ft_lstmap.c
Norme: ./ft_putstr_fd.c
Norme: ./ft_memset.c
Norme: ./ft_strchr.c
Error: file must end with a single empty line
Error (line 13): preprocessor block must be followed by one empty line
Error (line 14): C++ comment
Error (line 15): C++ comment
Error (line 16): C++ comment
Error (line 17): C++ comment
Error (line 18): C++ comment
Error (line 19): C++ comment
Error (line 20): C++ comment
Error (line 21): C++ comment
Error (line 22): C++ comment
Error (line 23): C++ comment
Norme: ./ft_putnbr_fd.c
Norme: ./ft_strlen.c
Norme: ./ft_strlcpy.c
Norme: ./ft_strdup.c
Norme: ./ft_strjoin.c
Norme: ./ft_strlcat.c
Norme: ./ft_strmapi.c
Norme: ./ft_strrchr.c
Norme: ./ft_tolower.c
Norme: ./ft_substr.c
Error (line 20, col 9): missing parentheses in return statement
Error (line 34, col 2): missing space after if
Norme: ./ft_toupper.c
Norme: ./ft_strnstr.c
Norme: ./ft_strtrim.c
Error (line 80, col 1): missing space after if
Norme: ./ft_split.c
Norme: ./ft_strncmp.c
Norme: ./libft.h
